2023-07-18 10:50:59.647 [main] INFO  c.a.myuploader.MyUploaderApplication - Starting MyUploaderApplication on DZ-11-1-21-59 with PID 27556 (started by Administrator in E:\IdeaProjects\文件上传)
2023-07-18 10:50:59.649 [main] DEBUG c.a.myuploader.MyUploaderApplication - Running with Spring Boot v2.0.3.RELEASE, Spring v5.0.7.RELEASE
2023-07-18 10:50:59.650 [main] INFO  c.a.myuploader.MyUploaderApplication - No active profile set, falling back to default profiles: default
2023-07-18 10:51:08.298 [main] INFO  c.a.myuploader.MyUploaderApplication - Started MyUploaderApplication in 9.177 seconds (JVM running for 10.926)
2023-07-18 11:36:49.632 [main] INFO  c.a.myuploader.MyUploaderApplication - Starting MyUploaderApplication on DZ-11-1-21-59 with PID 29984 (started by Administrator in E:\IdeaProjects\文件上传)
2023-07-18 11:36:49.635 [main] DEBUG c.a.myuploader.MyUploaderApplication - Running with Spring Boot v2.0.3.RELEASE, Spring v5.0.7.RELEASE
2023-07-18 11:36:49.636 [main] INFO  c.a.myuploader.MyUploaderApplication - No active profile set, falling back to default profiles: default
2023-07-18 11:36:56.410 [main] INFO  c.a.myuploader.MyUploaderApplication - Started MyUploaderApplication in 7.037 seconds (JVM running for 7.789)
2023-07-18 11:40:35.223 [main] INFO  c.a.myuploader.MyUploaderApplication - Starting MyUploaderApplication on DZ-11-1-21-59 with PID 29792 (started by Administrator in E:\IdeaProjects\文件上传)
2023-07-18 11:40:35.225 [main] DEBUG c.a.myuploader.MyUploaderApplication - Running with Spring Boot v2.0.3.RELEASE, Spring v5.0.7.RELEASE
2023-07-18 11:40:35.226 [main] INFO  c.a.myuploader.MyUploaderApplication - No active profile set, falling back to default profiles: default
2023-07-18 11:40:39.088 [main] INFO  c.a.myuploader.MyUploaderApplication - Started MyUploaderApplication in 4.137 seconds (JVM running for 4.883)
2023-07-18 11:41:04.682 [main] INFO  c.a.myuploader.MyUploaderApplication - Starting MyUploaderApplication on DZ-11-1-21-59 with PID 30320 (started by Administrator in E:\IdeaProjects\文件上传)
2023-07-18 11:41:04.684 [main] DEBUG c.a.myuploader.MyUploaderApplication - Running with Spring Boot v2.0.3.RELEASE, Spring v5.0.7.RELEASE
2023-07-18 11:41:04.686 [main] INFO  c.a.myuploader.MyUploaderApplication - No active profile set, falling back to default profiles: default
2023-07-18 11:41:10.291 [main] INFO  c.a.myuploader.MyUploaderApplication - Started MyUploaderApplication in 5.836 seconds (JVM running for 6.5)
2023-07-18 11:44:10.713 [main] INFO  c.a.myuploader.MyUploaderApplication - Starting MyUploaderApplication on DZ-11-1-21-59 with PID 31108 (started by Administrator in E:\IdeaProjects\文件上传)
2023-07-18 11:44:10.715 [main] DEBUG c.a.myuploader.MyUploaderApplication - Running with Spring Boot v2.0.3.RELEASE, Spring v5.0.7.RELEASE
2023-07-18 11:44:10.716 [main] INFO  c.a.myuploader.MyUploaderApplication - No active profile set, falling back to default profiles: default
2023-07-18 11:44:15.683 [main] INFO  c.a.myuploader.MyUploaderApplication - Started MyUploaderApplication in 5.21 seconds (JVM running for 9.147)
2023-07-18 11:45:15.676 [http-nio-8080-exec-1] ERROR c.attackme.myuploader.utils.LogUtils - 方法:int cn.attackme.myuploader.controller.TestExceptionController.aspect() | 参数: | 错误行：21 | 时间:Tue Jul 18 11:45:15 CST 2023 | 异常内容:java.lang.ArithmeticException: / by zero
2023-07-18 11:45:38.223 [http-nio-8080-exec-2] ERROR c.attackme.myuploader.utils.LogUtils - 方法:cn.attackme.myuploader.controller.TestExceptionController.util | 参数:cn.attackme.myuploader.controller.TestExceptionController.util(TestExceptionController.java:31) | 错误行：31 | 时间: | Tue Jul 18 11:45:38 CST 2023 | 异常内容:java.lang.ArithmeticException: / by zero
2023-07-18 11:45:46.409 [http-nio-8080-exec-3] ERROR c.attackme.myuploader.utils.LogUtils - 方法:cn.attackme.myuploader.controller.TestExceptionController.util | 参数:cn.attackme.myuploader.controller.TestExceptionController.util(TestExceptionController.java:31) | 错误行：31 | 时间: | Tue Jul 18 11:45:46 CST 2023 | 异常内容:java.lang.ArithmeticException: / by zero
2023-07-18 11:49:14.016 [http-nio-8080-exec-5] ERROR c.attackme.myuploader.utils.LogUtils - 方法:void cn.attackme.myuploader.service.FileService.upload(String,String,MultipartFile) | 参数:nameTestnull | 错误行：35 | 时间:Tue Jul 18 11:49:14 CST 2023 | 异常内容:java.lang.NullPointerException
2023-07-18 11:49:14.017 [http-nio-8080-exec-5] ERROR c.attackme.myuploader.utils.LogUtils - 方法:void cn.attackme.myuploader.controller.BigFileUploadController.upload(String,String,Long,Integer,Integer,MultipartFile) | 参数:nameTest0null0null | 错误行：35 | 时间:Tue Jul 18 11:49:14 CST 2023 | 异常内容:java.lang.NullPointerException
2023-07-18 11:50:43.822 [http-nio-8080-exec-6] ERROR c.attackme.myuploader.utils.LogUtils - 方法:void cn.attackme.myuploader.service.FileService.upload(String,String,MultipartFile) | 参数:nameTestnull | 错误行：35 | 时间:Tue Jul 18 11:50:43 CST 2023 | 异常内容:java.lang.NullPointerException
2023-07-18 11:50:43.823 [http-nio-8080-exec-6] ERROR c.attackme.myuploader.utils.LogUtils - 方法:void cn.attackme.myuploader.controller.BigFileUploadController.upload(String,String,Long,Integer,Integer,MultipartFile) | 参数:nameTest0null0null | 错误行：35 | 时间:Tue Jul 18 11:50:43 CST 2023 | 异常内容:java.lang.NullPointerException
2023-07-18 11:50:54.231 [http-nio-8080-exec-7] ERROR c.attackme.myuploader.utils.LogUtils - 方法:void cn.attackme.myuploader.service.FileService.uploadWithBlock(String,String,Long,Integer,Integer,MultipartFile) | 参数:nameTest010null | 错误行：55 | 时间:Tue Jul 18 11:50:54 CST 2023 | 异常内容:java.lang.NullPointerException
2023-07-18 11:50:54.231 [http-nio-8080-exec-7] ERROR c.attackme.myuploader.utils.LogUtils - 方法:void cn.attackme.myuploader.controller.BigFileUploadController.upload(String,String,Long,Integer,Integer,MultipartFile) | 参数:nameTest010null | 错误行：55 | 时间:Tue Jul 18 11:50:54 CST 2023 | 异常内容:java.lang.NullPointerException
2023-07-18 11:51:09.316 [http-nio-8080-exec-9] ERROR c.attackme.myuploader.utils.LogUtils - 方法:void cn.attackme.myuploader.service.FileService.uploadWithBlock(String,String,Long,Integer,Integer,MultipartFile) | 参数:nameTest20230718010null | 错误行：55 | 时间:Tue Jul 18 11:51:09 CST 2023 | 异常内容:java.lang.NullPointerException
2023-07-18 11:51:09.317 [http-nio-8080-exec-9] ERROR c.attackme.myuploader.utils.LogUtils - 方法:void cn.attackme.myuploader.controller.BigFileUploadController.upload(String,String,Long,Integer,Integer,MultipartFile) | 参数:nameTest20230718010null | 错误行：55 | 时间:Tue Jul 18 11:51:09 CST 2023 | 异常内容:java.lang.NullPointerException
2023-07-18 11:52:19.622 [http-nio-8080-exec-8] ERROR c.attackme.myuploader.utils.LogUtils - 方法:void cn.attackme.myuploader.service.FileService.uploadWithBlock(String,String,Long,Integer,Integer,MultipartFile) | 参数:nameTest20230718010null | 错误行：55 | 时间:Tue Jul 18 11:52:19 CST 2023 | 异常内容:java.lang.NullPointerException
2023-07-18 11:52:19.622 [http-nio-8080-exec-8] ERROR c.attackme.myuploader.utils.LogUtils - 方法:void cn.attackme.myuploader.controller.BigFileUploadController.upload(String,String,Long,Integer,Integer,MultipartFile) | 参数:nameTest20230718010null | 错误行：55 | 时间:Tue Jul 18 11:52:19 CST 2023 | 异常内容:java.lang.NullPointerException
2023-07-18 11:52:30.122 [http-nio-8080-exec-10] ERROR c.attackme.myuploader.utils.LogUtils - 方法:void cn.attackme.myuploader.service.FileService.uploadWithBlock(String,String,Long,Integer,Integer,MultipartFile) | 参数:nameTest20230718010null | 错误行：55 | 时间:Tue Jul 18 11:52:30 CST 2023 | 异常内容:java.lang.NullPointerException
2023-07-18 11:52:30.123 [http-nio-8080-exec-10] ERROR c.attackme.myuploader.utils.LogUtils - 方法:void cn.attackme.myuploader.controller.BigFileUploadController.upload(String,String,Long,Integer,Integer,MultipartFile) | 参数:nameTest20230718010null | 错误行：55 | 时间:Tue Jul 18 11:52:30 CST 2023 | 异常内容:java.lang.NullPointerException
2023-07-18 11:52:48.818 [http-nio-8080-exec-1] ERROR c.attackme.myuploader.utils.LogUtils - 方法:void cn.attackme.myuploader.service.FileService.uploadWithBlock(String,String,Long,Integer,Integer,MultipartFile) | 参数:nameTest20230718010null | 错误行：55 | 时间:Tue Jul 18 11:52:48 CST 2023 | 异常内容:java.lang.NullPointerException
2023-07-18 11:52:48.818 [http-nio-8080-exec-1] ERROR c.attackme.myuploader.utils.LogUtils - 方法:void cn.attackme.myuploader.controller.BigFileUploadController.upload(String,String,Long,Integer,Integer,MultipartFile) | 参数:nameTest20230718010null | 错误行：55 | 时间:Tue Jul 18 11:52:48 CST 2023 | 异常内容:java.lang.NullPointerException
2023-07-18 11:53:28.444 [http-nio-8080-exec-2] ERROR c.attackme.myuploader.utils.LogUtils - 方法:void cn.attackme.myuploader.service.FileService.uploadWithBlock(String,String,Long,Integer,Integer,MultipartFile) | 参数:nameTest20230718010null | 错误行：55 | 时间:Tue Jul 18 11:53:28 CST 2023 | 异常内容:java.lang.NullPointerException
2023-07-18 11:53:28.444 [http-nio-8080-exec-2] ERROR c.attackme.myuploader.utils.LogUtils - 方法:void cn.attackme.myuploader.controller.BigFileUploadController.upload(String,String,Long,Integer,Integer,MultipartFile) | 参数:nameTest20230718010null | 错误行：55 | 时间:Tue Jul 18 11:53:28 CST 2023 | 异常内容:java.lang.NullPointerException
2023-07-18 11:53:42.818 [http-nio-8080-exec-3] ERROR c.attackme.myuploader.utils.LogUtils - 方法:void cn.attackme.myuploader.service.FileService.uploadWithBlock(String,String,Long,Integer,Integer,MultipartFile) | 参数:nameTest20230718010null | 错误行：55 | 时间:Tue Jul 18 11:53:42 CST 2023 | 异常内容:java.lang.NullPointerException
2023-07-18 11:53:42.818 [http-nio-8080-exec-3] ERROR c.attackme.myuploader.utils.LogUtils - 方法:void cn.attackme.myuploader.controller.BigFileUploadController.upload(String,String,Long,Integer,Integer,MultipartFile) | 参数:nameTest20230718010null | 错误行：55 | 时间:Tue Jul 18 11:53:42 CST 2023 | 异常内容:java.lang.NullPointerException
2023-07-18 11:54:37.512 [http-nio-8080-exec-5] ERROR c.attackme.myuploader.utils.LogUtils - 方法:void cn.attackme.myuploader.service.FileService.uploadWithBlock(String,String,Long,Integer,Integer,MultipartFile) | 参数:nameTest20230798010null | 错误行：55 | 时间:Tue Jul 18 11:54:37 CST 2023 | 异常内容:java.lang.NullPointerException
2023-07-18 11:54:37.512 [http-nio-8080-exec-5] ERROR c.attackme.myuploader.utils.LogUtils - 方法:void cn.attackme.myuploader.controller.BigFileUploadController.upload(String,String,Long,Integer,Integer,MultipartFile) | 参数:nameTest20230798010null | 错误行：55 | 时间:Tue Jul 18 11:54:37 CST 2023 | 异常内容:java.lang.NullPointerException
2023-07-18 11:54:53.877 [http-nio-8080-exec-7] ERROR c.attackme.myuploader.utils.LogUtils - 方法:void cn.attackme.myuploader.service.FileService.uploadWithBlock(String,String,Long,Integer,Integer,MultipartFile) | 参数:nameTest20230798010null | 错误行：55 | 时间:Tue Jul 18 11:54:53 CST 2023 | 异常内容:java.lang.NullPointerException
2023-07-18 11:54:53.877 [http-nio-8080-exec-7] ERROR c.attackme.myuploader.utils.LogUtils - 方法:void cn.attackme.myuploader.controller.BigFileUploadController.upload(String,String,Long,Integer,Integer,MultipartFile) | 参数:nameTest20230798010null | 错误行：55 | 时间:Tue Jul 18 11:54:53 CST 2023 | 异常内容:java.lang.NullPointerException
2023-07-18 11:55:33.260 [http-nio-8080-exec-8] ERROR c.attackme.myuploader.utils.LogUtils - 方法:void cn.attackme.myuploader.service.FileService.uploadWithBlock(String,String,Long,Integer,Integer,MultipartFile) | 参数:nameTest20230798010org.springframework.web.multipart.support.StandardMultipartHttpServletRequest$StandardMultipartFile@34cc8597 | 错误行：-2 | 时间:Tue Jul 18 11:55:33 CST 2023 | 异常内容:java.io.FileNotFoundException: .\upload\efd77f97-cfc8-48f3-bb41-c559ae9e6d91 (系统找不到指定的路径。)
2023-07-18 11:55:33.260 [http-nio-8080-exec-8] ERROR c.attackme.myuploader.utils.LogUtils - 方法:void cn.attackme.myuploader.controller.BigFileUploadController.upload(String,String,Long,Integer,Integer,MultipartFile) | 参数:nameTest20230798010org.springframework.web.multipart.support.StandardMultipartHttpServletRequest$StandardMultipartFile@34cc8597 | 错误行：-2 | 时间:Tue Jul 18 11:55:33 CST 2023 | 异常内容:java.io.FileNotFoundException: .\upload\efd77f97-cfc8-48f3-bb41-c559ae9e6d91 (系统找不到指定的路径。)
2023-07-18 12:32:49.223 [http-nio-8080-exec-1] ERROR c.attackme.myuploader.utils.LogUtils - 方法:void cn.attackme.myuploader.service.FileService.uploadWithBlock(String,String,Long,Integer,Integer,MultipartFile) | 参数:nameTest20230798010org.springframework.web.multipart.support.StandardMultipartHttpServletRequest$StandardMultipartFile@1c2b5a38 | 错误行：-2 | 时间:Tue Jul 18 12:32:49 CST 2023 | 异常内容:java.io.FileNotFoundException: .\upload\efd77f97-cfc8-48f3-bb41-c559ae9e6d91 (系统找不到指定的路径。)
2023-07-18 12:32:49.223 [http-nio-8080-exec-1] ERROR c.attackme.myuploader.utils.LogUtils - 方法:void cn.attackme.myuploader.controller.BigFileUploadController.upload(String,String,Long,Integer,Integer,MultipartFile) | 参数:nameTest20230798010org.springframework.web.multipart.support.StandardMultipartHttpServletRequest$StandardMultipartFile@1c2b5a38 | 错误行：-2 | 时间:Tue Jul 18 12:32:49 CST 2023 | 异常内容:java.io.FileNotFoundException: .\upload\efd77f97-cfc8-48f3-bb41-c559ae9e6d91 (系统找不到指定的路径。)
2023-07-18 12:33:40.423 [main] INFO  c.a.myuploader.MyUploaderApplication - Starting MyUploaderApplication on DZ-11-1-21-59 with PID 29040 (started by Administrator in E:\IdeaProjects\文件上传)
2023-07-18 12:33:40.425 [main] DEBUG c.a.myuploader.MyUploaderApplication - Running with Spring Boot v2.0.3.RELEASE, Spring v5.0.7.RELEASE
2023-07-18 12:33:40.426 [main] INFO  c.a.myuploader.MyUploaderApplication - No active profile set, falling back to default profiles: default
2023-07-18 12:33:47.615 [main] INFO  c.a.myuploader.MyUploaderApplication - Started MyUploaderApplication in 7.636 seconds (JVM running for 9.964)
2023-07-18 12:33:52.996 [http-nio-8080-exec-1] ERROR c.attackme.myuploader.utils.LogUtils - 方法:void cn.attackme.myuploader.service.FileService.uploadWithBlock(String,String,Long,Integer,Integer,MultipartFile) | 参数:nameTest20230798010org.springframework.web.multipart.support.StandardMultipartHttpServletRequest$StandardMultipartFile@2abba6b7 | 错误行：-2 | 时间:Tue Jul 18 12:33:52 CST 2023 | 异常内容:java.io.FileNotFoundException: D:\upload\a4d4e67d-1fd2-4f09-afd1-56ea84838e96 (系统找不到指定的路径。)
2023-07-18 12:33:52.996 [http-nio-8080-exec-1] ERROR c.attackme.myuploader.utils.LogUtils - 方法:void cn.attackme.myuploader.controller.BigFileUploadController.upload(String,String,Long,Integer,Integer,MultipartFile) | 参数:nameTest20230798010org.springframework.web.multipart.support.StandardMultipartHttpServletRequest$StandardMultipartFile@2abba6b7 | 错误行：-2 | 时间:Tue Jul 18 12:33:52 CST 2023 | 异常内容:java.io.FileNotFoundException: D:\upload\a4d4e67d-1fd2-4f09-afd1-56ea84838e96 (系统找不到指定的路径。)
2023-07-18 12:34:13.307 [http-nio-8080-exec-4] ERROR c.attackme.myuploader.utils.LogUtils - 方法:void cn.attackme.myuploader.service.FileService.uploadWithBlock(String,String,Long,Integer,Integer,MultipartFile) | 参数:nameTest20230798010org.springframework.web.multipart.support.StandardMultipartHttpServletRequest$StandardMultipartFile@2eff01d5 | 错误行：555 | 时间:Tue Jul 18 12:34:13 CST 2023 | 异常内容:java.io.IOException: Negative seek offset
2023-07-18 12:34:13.307 [http-nio-8080-exec-4] ERROR c.attackme.myuploader.utils.LogUtils - 方法:void cn.attackme.myuploader.controller.BigFileUploadController.upload(String,String,Long,Integer,Integer,MultipartFile) | 参数:nameTest20230798010org.springframework.web.multipart.support.StandardMultipartHttpServletRequest$StandardMultipartFile@2eff01d5 | 错误行：555 | 时间:Tue Jul 18 12:34:13 CST 2023 | 异常内容:java.io.IOException: Negative seek offset
2023-07-18 12:34:18.065 [http-nio-8080-exec-6] ERROR c.attackme.myuploader.utils.LogUtils - 方法:void cn.attackme.myuploader.service.FileService.uploadWithBlock(String,String,Long,Integer,Integer,MultipartFile) | 参数:nameTest20230798010org.springframework.web.multipart.support.StandardMultipartHttpServletRequest$StandardMultipartFile@7da1f56a | 错误行：555 | 时间:Tue Jul 18 12:34:18 CST 2023 | 异常内容:java.io.IOException: Negative seek offset
2023-07-18 12:34:18.066 [http-nio-8080-exec-6] ERROR c.attackme.myuploader.utils.LogUtils - 方法:void cn.attackme.myuploader.controller.BigFileUploadController.upload(String,String,Long,Integer,Integer,MultipartFile) | 参数:nameTest20230798010org.springframework.web.multipart.support.StandardMultipartHttpServletRequest$StandardMultipartFile@7da1f56a | 错误行：555 | 时间:Tue Jul 18 12:34:18 CST 2023 | 异常内容:java.io.IOException: Negative seek offset
2023-07-18 12:35:32.753 [http-nio-8080-exec-8] ERROR c.attackme.myuploader.utils.LogUtils - 方法:void cn.attackme.myuploader.service.FileService.uploadWithBlock(String,String,Long,Integer,Integer,MultipartFile) | 参数:nameTest20230798010org.springframework.web.multipart.support.StandardMultipartHttpServletRequest$StandardMultipartFile@968d84c | 错误行：555 | 时间:Tue Jul 18 12:35:32 CST 2023 | 异常内容:java.io.IOException: Negative seek offset
2023-07-18 12:35:32.753 [http-nio-8080-exec-8] ERROR c.attackme.myuploader.utils.LogUtils - 方法:void cn.attackme.myuploader.controller.BigFileUploadController.upload(String,String,Long,Integer,Integer,MultipartFile) | 参数:nameTest20230798010org.springframework.web.multipart.support.StandardMultipartHttpServletRequest$StandardMultipartFile@968d84c | 错误行：555 | 时间:Tue Jul 18 12:35:32 CST 2023 | 异常内容:java.io.IOException: Negative seek offset
2023-07-18 12:36:17.095 [http-nio-8080-exec-10] DEBUG c.a.myuploader.dao.FileDao.save - ==>  Preparing: insert into file(name,md5,path,upload_time) values(?,?,?,?) 
2023-07-18 12:36:17.358 [http-nio-8080-exec-10] DEBUG c.a.myuploader.dao.FileDao.save - ==> Parameters: nameTest(String), 20230798(String), D:/upload/a4d4e67d-1fd2-4f09-afd1-56ea84838e96(String), 2023-07-18 12:36:16.702(Timestamp)
2023-07-18 12:36:17.957 [http-nio-8080-exec-10] DEBUG c.a.myuploader.dao.FileDao.save - <==    Updates: 1
2023-07-18 12:38:41.245 [main] INFO  c.a.myuploader.MyUploaderApplication - Starting MyUploaderApplication on DZ-11-1-21-59 with PID 516 (started by Administrator in E:\IdeaProjects\文件上传)
2023-07-18 12:38:41.248 [main] DEBUG c.a.myuploader.MyUploaderApplication - Running with Spring Boot v2.0.3.RELEASE, Spring v5.0.7.RELEASE
2023-07-18 12:38:41.249 [main] INFO  c.a.myuploader.MyUploaderApplication - No active profile set, falling back to default profiles: default
2023-07-18 12:38:46.684 [main] INFO  c.a.myuploader.MyUploaderApplication - Started MyUploaderApplication in 5.732 seconds (JVM running for 6.541)
2023-07-18 12:38:52.126 [http-nio-8080-exec-1] DEBUG c.a.myuploader.dao.FileDao.save - ==>  Preparing: insert into file(name,md5,path,upload_time) values(?,?,?,?) 
2023-07-18 12:38:52.140 [http-nio-8080-exec-1] DEBUG c.a.myuploader.dao.FileDao.save - ==> Parameters: nameTest(String), 20230798(String), D:/upload/94d5be53-39b4-4236-9f76-9c67960e69a5(String), 2023-07-18 12:38:51.86(Timestamp)
2023-07-18 12:38:52.680 [http-nio-8080-exec-1] DEBUG c.a.myuploader.dao.FileDao.save - <==    Updates: 1
2023-07-18 13:04:21.437 [http-nio-8080-exec-10] DEBUG c.a.myuploader.dao.FileDao.save - ==>  Preparing: insert into file(name,md5,path,upload_time) values(?,?,?,?) 
2023-07-18 13:04:21.437 [http-nio-8080-exec-5] DEBUG c.a.myuploader.dao.FileDao.save - ==>  Preparing: insert into file(name,md5,path,upload_time) values(?,?,?,?) 
2023-07-18 13:04:21.437 [http-nio-8080-exec-5] DEBUG c.a.myuploader.dao.FileDao.save - ==> Parameters: nameTest(String), 20230798(String), D:/upload/4c7e85e3-6299-4253-83cd-fc3d93e8059d(String), 2023-07-18 13:04:21.174(Timestamp)
2023-07-18 13:04:21.437 [http-nio-8080-exec-10] DEBUG c.a.myuploader.dao.FileDao.save - ==> Parameters: CRACKME.EXE(String), 7863ec28e18f4b8f66f6109a15659a50(String), D:/upload/c5c9c13d-fb56-44ea-874d-47d42c319e6e(String), 2023-07-18 13:04:21.174(Timestamp)
2023-07-18 13:04:21.988 [http-nio-8080-exec-5] DEBUG c.a.myuploader.dao.FileDao.save - <==    Updates: 1
2023-07-18 13:04:21.988 [http-nio-8080-exec-10] DEBUG c.a.myuploader.dao.FileDao.save - <==    Updates: 1
2023-07-18 13:04:54.839 [http-nio-8080-exec-1] DEBUG c.a.myuploader.dao.FileDao.save - ==>  Preparing: insert into file(name,md5,path,upload_time) values(?,?,?,?) 
2023-07-18 13:04:54.840 [http-nio-8080-exec-1] DEBUG c.a.myuploader.dao.FileDao.save - ==> Parameters: CRACKME.EXE(String), 7863ec28e18f4b8f66f6109a15659a50(String), D:/upload/04951f94-81d8-496e-ab9c-173934ce185e(String), 2023-07-18 13:04:54.563(Timestamp)
2023-07-18 13:04:55.385 [http-nio-8080-exec-1] DEBUG c.a.myuploader.dao.FileDao.save - <==    Updates: 1
2023-07-18 13:05:48.283 [http-nio-8080-exec-6] DEBUG c.a.myuploader.dao.FileDao.save - ==>  Preparing: insert into file(name,md5,path,upload_time) values(?,?,?,?) 
2023-07-18 13:05:48.283 [http-nio-8080-exec-6] DEBUG c.a.myuploader.dao.FileDao.save - ==> Parameters: CRACKME.EXE(String), 7863ec28e18f4b8f66f6109a15659a50(String), D:/upload/782e537e-7085-4042-b0d0-a292e28686da(String), 2023-07-18 13:05:47.964(Timestamp)
2023-07-18 13:05:48.921 [http-nio-8080-exec-6] DEBUG c.a.myuploader.dao.FileDao.save - <==    Updates: 1
2023-07-18 13:07:35.224 [http-nio-8080-exec-9] DEBUG c.a.myuploader.dao.FileDao.save - ==>  Preparing: insert into file(name,md5,path,upload_time) values(?,?,?,?) 
2023-07-18 13:07:35.225 [http-nio-8080-exec-9] DEBUG c.a.myuploader.dao.FileDao.save - ==> Parameters: CRACKME.EXE(String), 7863ec28e18f4b8f66f6109a15659a50(String), D:/upload/401fe978-3be1-4013-88ad-877df02898b1(String), 2023-07-18 13:07:34.947(Timestamp)
2023-07-18 13:07:35.769 [http-nio-8080-exec-9] DEBUG c.a.myuploader.dao.FileDao.save - <==    Updates: 1
2023-07-18 13:09:03.772 [main] INFO  c.a.myuploader.MyUploaderApplication - Starting MyUploaderApplication on DZ-11-1-21-59 with PID 14652 (started by Administrator in E:\IdeaProjects\文件上传)
2023-07-18 13:09:03.774 [main] DEBUG c.a.myuploader.MyUploaderApplication - Running with Spring Boot v2.0.3.RELEASE, Spring v5.0.7.RELEASE
2023-07-18 13:09:03.776 [main] INFO  c.a.myuploader.MyUploaderApplication - No active profile set, falling back to default profiles: default
2023-07-18 13:09:09.237 [main] INFO  c.a.myuploader.MyUploaderApplication - Started MyUploaderApplication in 5.763 seconds (JVM running for 6.68)
2023-07-18 13:09:27.767 [http-nio-8080-exec-1] DEBUG c.a.myuploader.dao.FileDao.save - ==>  Preparing: insert into file(name,md5,path,upload_time) values(?,?,?,?) 
2023-07-18 13:09:27.781 [http-nio-8080-exec-1] DEBUG c.a.myuploader.dao.FileDao.save - ==> Parameters: CRACKME.EXE(String), 7863ec28e18f4b8f66f6109a15659a50(String), D:/upload/5fde9d84-86aa-43ef-9c1f-20dc704f4c7d(String), 2023-07-18 13:09:27.451(Timestamp)
2023-07-18 13:09:28.385 [http-nio-8080-exec-1] DEBUG c.a.myuploader.dao.FileDao.save - <==    Updates: 1
2023-07-18 13:10:34.965 [main] INFO  c.a.myuploader.MyUploaderApplication - Starting MyUploaderApplication on DZ-11-1-21-59 with PID 29996 (started by Administrator in E:\IdeaProjects\文件上传)
2023-07-18 13:10:34.968 [main] DEBUG c.a.myuploader.MyUploaderApplication - Running with Spring Boot v2.0.3.RELEASE, Spring v5.0.7.RELEASE
2023-07-18 13:10:34.970 [main] INFO  c.a.myuploader.MyUploaderApplication - No active profile set, falling back to default profiles: default
2023-07-18 13:10:40.713 [main] INFO  c.a.myuploader.MyUploaderApplication - Started MyUploaderApplication in 6.095 seconds (JVM running for 7.187)
2023-07-18 13:10:52.039 [http-nio-8080-exec-1] DEBUG c.a.myuploader.dao.FileDao.save - ==>  Preparing: insert into file(name,md5,path,upload_time) values(?,?,?,?) 
2023-07-18 13:10:52.053 [http-nio-8080-exec-1] DEBUG c.a.myuploader.dao.FileDao.save - ==> Parameters: CRACKME.EXE(String), 7863ec28e18f4b8f66f6109a15659a50(String), D:/upload/CRACKME.EXE(String), 2023-07-18 13:10:51.748(Timestamp)
2023-07-18 13:10:52.581 [http-nio-8080-exec-1] DEBUG c.a.myuploader.dao.FileDao.save - <==    Updates: 1
2023-07-18 13:12:16.980 [http-nio-8080-exec-8] DEBUG c.a.myuploader.dao.FileDao.save - ==>  Preparing: insert into file(name,md5,path,upload_time) values(?,?,?,?) 
2023-07-18 13:12:16.980 [http-nio-8080-exec-8] DEBUG c.a.myuploader.dao.FileDao.save - ==> Parameters: 284.汇编之四则运算汇编分析.pcwl(String), 63b19d0f1e98c3b594f2f3e606487556(String), D:/upload/284.汇编之四则运算汇编分析.pcwl(String), 2023-07-18 13:12:16.656(Timestamp)
2023-07-18 13:12:17.608 [http-nio-8080-exec-8] DEBUG c.a.myuploader.dao.FileDao.save - <==    Updates: 1
2023-07-18 13:14:41.581 [http-nio-8080-exec-5] DEBUG c.a.myuploader.dao.FileDao.save - ==>  Preparing: insert into file(name,md5,path,upload_time) values(?,?,?,?) 
2023-07-18 13:14:41.581 [http-nio-8080-exec-5] DEBUG c.a.myuploader.dao.FileDao.save - ==> Parameters: 1.6在线班.mp4(String), f994dbf741f416bc8bf76008d0bd1ccb(String), D:/upload/1.6在线班.mp4(String), 2023-07-18 13:14:41.295(Timestamp)
2023-07-18 13:14:42.505 [http-nio-8080-exec-5] DEBUG c.a.myuploader.dao.FileDao.save - <==    Updates: 1
2023-07-18 13:21:13.868 [http-nio-8080-exec-9] DEBUG c.a.myuploader.dao.FileDao.getByFile - ==>  Preparing: select id,name,md5,path,upload_time from file WHERE md5 = ? 
2023-07-18 13:21:13.869 [http-nio-8080-exec-9] DEBUG c.a.myuploader.dao.FileDao.getByFile - ==> Parameters: b97c8acda6d3a58513be052492436192(String)
2023-07-18 13:21:14.171 [http-nio-8080-exec-9] DEBUG c.a.myuploader.dao.FileDao.getByFile - <==      Total: 0
2023-07-18 13:21:25.485 [http-nio-8080-exec-3] DEBUG c.a.myuploader.dao.FileDao.save - ==>  Preparing: insert into file(name,md5,path,upload_time) values(?,?,?,?) 
2023-07-18 13:21:25.485 [http-nio-8080-exec-3] DEBUG c.a.myuploader.dao.FileDao.save - ==> Parameters: 241.Detours库之HOOK D3D9游戏实战 实现模型着色.pcwl(String), b97c8acda6d3a58513be052492436192(String), D:/upload/241.Detours库之HOOK D3D9游戏实战 实现模型着色.pcwl(String), 2023-07-18 13:21:25.231(Timestamp)
2023-07-18 13:21:26.009 [http-nio-8080-exec-3] DEBUG c.a.myuploader.dao.FileDao.save - <==    Updates: 1
2023-07-18 13:22:05.680 [http-nio-8080-exec-5] DEBUG c.a.myuploader.dao.FileDao.save - ==>  Preparing: insert into file(name,md5,path,upload_time) values(?,?,?,?) 
2023-07-18 13:22:05.681 [http-nio-8080-exec-5] DEBUG c.a.myuploader.dao.FileDao.save - ==> Parameters: HIT2专题数据课程目录.png(String), null, D:/upload/d9bd914d-b675-4f64-87d8-801bb5edff90(String), 2023-07-18 13:22:05.395(Timestamp)
2023-07-18 13:22:06.202 [http-nio-8080-exec-5] DEBUG c.a.myuploader.dao.FileDao.save - <==    Updates: 1
